c:\users\halfrot\documents\github\subway\2236_2167\subway_project\subway_project\debug\vc142.pdb
c:\users\halfrot\documents\github\subway\2236_2167\subway_project\subway_project\debug\vc142.idb
c:\users\halfrot\documents\github\subway\2236_2167\subway_project\subway_project\debug\user.obj
c:\users\halfrot\documents\github\subway\2236_2167\subway_project\subway_project\debug\subway.obj
c:\users\halfrot\documents\github\subway\2236_2167\subway_project\subway_project\debug\station.obj
c:\users\halfrot\documents\github\subway\2236_2167\subway_project\subway_project\debug\send_line_controller.obj
c:\users\halfrot\documents\github\subway\2236_2167\subway_project\subway_project\debug\result_controller.obj
c:\users\halfrot\documents\github\subway\2236_2167\subway_project\subway_project\debug\request_line_controller.obj
c:\users\halfrot\documents\github\subway\2236_2167\subway_project\subway_project\debug\line.obj
c:\users\halfrot\documents\github\subway\2236_2167\subway_project\subway_project\debug\file.obj
c:\users\halfrot\documents\github\subway\2236_2167\subway_project\subway_project\debug\controller.obj
c:\users\halfrot\documents\github\subway\2236_2167\subway_project\subway_project\debug\command_controller.obj
c:\users\halfrot\documents\github\subway\2236_2167\subway_project\subway_project\debug\main.obj
c:\users\halfrot\documents\github\subway\2236_2167\subway_project\debug\subway_project.exe
c:\users\halfrot\documents\github\subway\2236_2167\subway_project\subway_project\debug\subway_project.ilk
c:\users\halfrot\documents\github\subway\2236_2167\subway_project\debug\subway_project.pdb
c:\users\halfrot\documents\github\subway\2236_2167\subway_project\subway_project\debug\subway_project.tlog\cl.command.1.tlog
c:\users\halfrot\documents\github\subway\2236_2167\subway_project\subway_project\debug\subway_project.tlog\cl.read.1.tlog
c:\users\halfrot\documents\github\subway\2236_2167\subway_project\subway_project\debug\subway_project.tlog\cl.write.1.tlog
c:\users\halfrot\documents\github\subway\2236_2167\subway_project\subway_project\debug\subway_project.tlog\link.command.1.tlog
c:\users\halfrot\documents\github\subway\2236_2167\subway_project\subway_project\debug\subway_project.tlog\link.read.1.tlog
c:\users\halfrot\documents\github\subway\2236_2167\subway_project\subway_project\debug\subway_project.tlog\link.write.1.tlog
