c:\users\halfrot\documents\github\subway\2236_2167\subway_dll\subway_dll\x64\debug\subway_dll.pch
c:\users\halfrot\documents\github\subway\2236_2167\subway_dll\subway_dll\x64\debug\vc142.pdb
c:\users\halfrot\documents\github\subway\2236_2167\subway_dll\subway_dll\x64\debug\vc142.idb
c:\users\halfrot\documents\github\subway\2236_2167\subway_dll\subway_dll\x64\debug\pch.obj
c:\users\halfrot\documents\github\subway\2236_2167\subway_dll\subway_dll\x64\debug\user.obj
c:\users\halfrot\documents\github\subway\2236_2167\subway_dll\subway_dll\x64\debug\subway.obj
c:\users\halfrot\documents\github\subway\2236_2167\subway_dll\subway_dll\x64\debug\station.obj
c:\users\halfrot\documents\github\subway\2236_2167\subway_dll\subway_dll\x64\debug\send_file_controller.obj
c:\users\halfrot\documents\github\subway\2236_2167\subway_dll\subway_dll\x64\debug\result_controller.obj
c:\users\halfrot\documents\github\subway\2236_2167\subway_dll\subway_dll\x64\debug\request_file_controller.obj
c:\users\halfrot\documents\github\subway\2236_2167\subway_dll\subway_dll\x64\debug\line.obj
c:\users\halfrot\documents\github\subway\2236_2167\subway_dll\subway_dll\x64\debug\input.obj
c:\users\halfrot\documents\github\subway\2236_2167\subway_dll\subway_dll\x64\debug\file.obj
c:\users\halfrot\documents\github\subway\2236_2167\subway_dll\subway_dll\x64\debug\controller.obj
c:\users\halfrot\documents\github\subway\2236_2167\subway_dll\subway_dll\x64\debug\command_controller.obj
c:\users\halfrot\documents\github\subway\2236_2167\subway_dll\subway_dll\x64\debug\subway_dll.ilk
c:\users\halfrot\documents\github\subway\2236_2167\subway_dll\x64\debug\subway_dll.dll
c:\users\halfrot\documents\github\subway\2236_2167\subway_dll\x64\debug\subway_dll.pdb
c:\users\halfrot\documents\github\subway\2236_2167\subway_dll\subway_dll\x64\debug\subway_dll.tlog\cl.command.1.tlog
c:\users\halfrot\documents\github\subway\2236_2167\subway_dll\subway_dll\x64\debug\subway_dll.tlog\cl.read.1.tlog
c:\users\halfrot\documents\github\subway\2236_2167\subway_dll\subway_dll\x64\debug\subway_dll.tlog\cl.write.1.tlog
c:\users\halfrot\documents\github\subway\2236_2167\subway_dll\subway_dll\x64\debug\subway_dll.tlog\link.command.1.tlog
c:\users\halfrot\documents\github\subway\2236_2167\subway_dll\subway_dll\x64\debug\subway_dll.tlog\link.read.1.tlog
c:\users\halfrot\documents\github\subway\2236_2167\subway_dll\subway_dll\x64\debug\subway_dll.tlog\link.write.1.tlog
