c:\users\halfrot\documents\github\subway\2236_2167\subway_dll\subway_dll\debug\subway_dll.pch
c:\users\halfrot\documents\github\subway\2236_2167\subway_dll\subway_dll\debug\vc142.pdb
c:\users\halfrot\documents\github\subway\2236_2167\subway_dll\subway_dll\debug\vc142.idb
c:\users\halfrot\documents\github\subway\2236_2167\subway_dll\subway_dll\debug\pch.obj
c:\users\halfrot\documents\github\subway\2236_2167\subway_dll\subway_dll\debug\user.obj
c:\users\halfrot\documents\github\subway\2236_2167\subway_dll\subway_dll\debug\subway.obj
c:\users\halfrot\documents\github\subway\2236_2167\subway_dll\subway_dll\debug\station.obj
c:\users\halfrot\documents\github\subway\2236_2167\subway_dll\subway_dll\debug\send_file_controller.obj
c:\users\halfrot\documents\github\subway\2236_2167\subway_dll\subway_dll\debug\result_controller.obj
c:\users\halfrot\documents\github\subway\2236_2167\subway_dll\subway_dll\debug\request_file_controller.obj
c:\users\halfrot\documents\github\subway\2236_2167\subway_dll\subway_dll\debug\line.obj
c:\users\halfrot\documents\github\subway\2236_2167\subway_dll\subway_dll\debug\input.obj
c:\users\halfrot\documents\github\subway\2236_2167\subway_dll\subway_dll\debug\file.obj
c:\users\halfrot\documents\github\subway\2236_2167\subway_dll\subway_dll\debug\controller.obj
c:\users\halfrot\documents\github\subway\2236_2167\subway_dll\subway_dll\debug\command_controller.obj
c:\users\halfrot\documents\github\subway\2236_2167\subway_dll\subway_dll\debug\subway_dll.ilk
c:\users\halfrot\documents\github\subway\2236_2167\subway_dll\debug\subway_dll.dll
c:\users\halfrot\documents\github\subway\2236_2167\subway_dll\debug\subway_dll.pdb
c:\users\halfrot\documents\github\subway\2236_2167\subway_dll\debug\subway_dll.lib
c:\users\halfrot\documents\github\subway\2236_2167\subway_dll\debug\subway_dll.exp
c:\users\halfrot\documents\github\subway\2236_2167\subway_dll\subway_dll\debug\subway_dll.tlog\cl.command.1.tlog
c:\users\halfrot\documents\github\subway\2236_2167\subway_dll\subway_dll\debug\subway_dll.tlog\cl.read.1.tlog
c:\users\halfrot\documents\github\subway\2236_2167\subway_dll\subway_dll\debug\subway_dll.tlog\cl.write.1.tlog
c:\users\halfrot\documents\github\subway\2236_2167\subway_dll\subway_dll\debug\subway_dll.tlog\link.command.1.tlog
c:\users\halfrot\documents\github\subway\2236_2167\subway_dll\subway_dll\debug\subway_dll.tlog\link.read.1.tlog
c:\users\halfrot\documents\github\subway\2236_2167\subway_dll\subway_dll\debug\subway_dll.tlog\link.write.1.tlog
c:\users\halfrot\documents\github\subway\2236_2167\subway_dll\subway_dll\debug\subway_dll.tlog\subway_dll.write.1u.tlog
